<?xml version="1.0" encoding="UTF-8"?>
<!-- Generated by org.testng.reporters.JUnitXMLReporter -->
<testsuite hostname="GAUTAM-PC" ignored="0" name="helperstest" tests="4" failures="2" timestamp="2020-01-02T14:17:15 IST" time="0.054" errors="0">
  <testcase name="testMethod1" time="0.006" classname="test.LoginTest"/>
  <testcase name="testMethod2" time="0.0" classname="test.LoginTest"/>
  <testcase name="testMethod3" time="0.002" classname="test.LoginTest">
    <failure type="java.lang.AssertionError" message="null">
      <![CDATA[java.lang.AssertionError: null
at test.LoginTest.testMethod3(LoginTest.java:24)
at java.util.ArrayList.forEach(Unknown Source)
at test.TestRunner.main(TestRunner.java:17)
... Removed 26 stack frames]]>
    </failure>
  </testcase> <!-- testMethod3 -->
  <testcase name="testMethod4" time="0.0" classname="test.LoginTest">
    <failure type="java.lang.AssertionError" message="null">
      <![CDATA[java.lang.AssertionError: null
at test.LoginTest.testMethod4(LoginTest.java:31)
at java.util.ArrayList.forEach(Unknown Source)
at test.TestRunner.main(TestRunner.java:17)
... Removed 26 stack frames]]>
    </failure>
  </testcase> <!-- testMethod4 -->
</testsuite> <!-- helperstest -->
