<?xml version="1.0" encoding="UTF-8"?>
<!-- Generated by org.testng.reporters.JUnitXMLReporter -->
<testsuite hostname="GAUTAM-PC" ignored="0" name="helperstest" tests="1" failures="1" timestamp="2019-12-13T09:29:19 IST" time="16.203" errors="0">
  <testcase name="loginTestMethod" time="15.785" classname="test.LoginTest">
    <failure type="java.lang.AssertionError" message="expected [OrangeHRM12] but found [OrangeHRM]">
      <![CDATA[java.lang.AssertionError: expected [OrangeHRM12] but found [OrangeHRM]
at test.LoginTest.loginTestMethod(LoginTest.java:37)
at java.util.ArrayList.forEach(Unknown Source)
... Removed 32 stack frames]]>
    </failure>
  </testcase> <!-- loginTestMethod -->
</testsuite> <!-- helperstest -->
